#
# A fatal error has been detected by the Java Runtime Environment:
#
#  Internal Error (javaClasses.cpp:126), pid=5984, tid=3892
#  fatal error: Invalid layout of preloaded class
#
# JRE version:  (8.0_25-b18) (build )
# Java VM: Java HotSpot(TM) Client VM (25.25-b02 mixed mode windows-x86 )
# Failed to write core dump. Minidumps are not enabled by default on client versions of Windows
#
# If you would like to submit a bug report, please visit:
#   http://bugreport.sun.com/bugreport/crash.jsp
#

---------------  T H R E A D  ---------------

Current thread (0x010cb800):  JavaThread "Unknown thread" [_thread_in_vm, id=3892, stack(0x01760000,0x017b0000)]

Stack: [0x01760000,0x017b0000],  sp=0x017af708,  free space=317k
Native frames: (J=compiled Java code, j=interpreted, Vv=VM code, C=native code)
V  [jvm.dll+0x19796b]
V  [jvm.dll+0x1908e6]
V  [jvm.dll+0x3b4e9]
V  [jvm.dll+0x3b69e]
V  [jvm.dll+0x4a063]
V  [jvm.dll+0x9dc8e]
V  [jvm.dll+0x9df52]
V  [jvm.dll+0x145a01]
V  [jvm.dll+0x169ab8]
V  [jvm.dll+0xdaea1]
C  [javaw.exe+0x13e4]
C  [javaw.exe+0x1eb7]
C  [javaw.exe+0xaba1]
C  [javaw.exe+0xac2b]
C  [kernel32.dll+0x4ee1c]
C  [ntdll.dll+0x637eb]
C  [ntdll.dll+0x637be]
C  0x00000000


---------------  P R O C E S S  ---------------

Java Threads: ( => current thread )

Other Threads:

=>0x010cb800 (exited) JavaThread "Unknown thread" [_thread_in_vm, id=3892, stack(0x01760000,0x017b0000)]

VM state:not at safepoint (not fully initialized)

VM Mutex/Monitor currently owned by a thread: None

GC Heap History (0 events):
No events

Deoptimization events (0 events):
No events

Internal exceptions (0 events):
No events

Events (10 events):
Event: 0.010 loading class java/lang/CharSequence done
Event: 0.010 loading class java/lang/String done
Event: 0.010 loading class java/lang/Class
Event: 0.010 loading class java/lang/reflect/AnnotatedElement
Event: 0.010 loading class java/lang/reflect/AnnotatedElement done
Event: 0.010 loading class java/lang/reflect/GenericDeclaration
Event: 0.010 loading class java/lang/reflect/GenericDeclaration done
Event: 0.010 loading class java/lang/reflect/Type
Event: 0.010 loading class java/lang/reflect/Type done
Event: 0.010 loading class java/lang/Class done


Dynamic libraries:
0x013a0000 - 0x013d0000 	C:\Program Files\Java\jre1.8.0_25\bin\javaw.exe
0x77a00000 - 0x77b3c000 	C:\Windows\SYSTEM32\ntdll.dll
0x77780000 - 0x77854000 	C:\Windows\system32\kernel32.dll
0x75a70000 - 0x75abb000 	C:\Windows\system32\KERNELBASE.dll
0x77440000 - 0x774e0000 	C:\Windows\system32\ADVAPI32.dll
0x77260000 - 0x7730c000 	C:\Windows\system32\msvcrt.dll
0x77b50000 - 0x77b69000 	C:\Windows\SYSTEM32\sechost.dll
0x77b80000 - 0x77c22000 	C:\Windows\system32\RPCRT4.dll
0x76190000 - 0x76259000 	C:\Windows\system32\USER32.dll
0x773f0000 - 0x7743e000 	C:\Windows\system32\GDI32.dll
0x75e00000 - 0x75e0a000 	C:\Windows\system32\LPK.dll
0x760f0000 - 0x7618d000 	C:\Windows\system32\USP10.dll
0x74980000 - 0x74b1e000 	C:\Windows\WinSxS\x86_microsoft.windows.common-controls_6595b64144ccf1df_6.0.7601.17514_none_41e6975e2bd6f2b2\COMCTL32.dll
0x774e0000 - 0x77537000 	C:\Windows\system32\SHLWAPI.dll
0x77240000 - 0x7725f000 	C:\Windows\system32\IMM32.DLL
0x76020000 - 0x760ec000 	C:\Windows\system32\MSCTF.dll
0x6b8d0000 - 0x6b98f000 	C:\Program Files\Java\jre1.8.0_25\bin\msvcr100.dll
0x6ba50000 - 0x6bdf4000 	C:\Program Files\Java\jre1.8.0_25\bin\client\jvm.dll
0x6fbb0000 - 0x6fbb7000 	C:\Windows\system32\WSOCK32.dll
0x75fe0000 - 0x76015000 	C:\Windows\system32\WS2_32.dll
0x77b40000 - 0x77b46000 	C:\Windows\system32\NSI.dll
0x73d40000 - 0x73d72000 	C:\Windows\system32\WINMM.dll
0x77b70000 - 0x77b75000 	C:\Windows\system32\PSAPI.DLL
0x70d30000 - 0x70d3c000 	C:\Program Files\Java\jre1.8.0_25\bin\verify.dll
0x6d4e0000 - 0x6d501000 	C:\Program Files\Java\jre1.8.0_25\bin\java.dll
0x6d780000 - 0x6d793000 	C:\Program Files\Java\jre1.8.0_25\bin\zip.dll
0x722d0000 - 0x723bb000 	C:\Windows\system32\dbghelp.dll

VM Arguments:
jvm_args: -Dfile.encoding=Cp1252 -Xbootclasspath:C:\Users\AlumnoT\Desktop\adt-bundle-windows-x86-20140702\sdk\platforms\android-20\android.jar 
java_command: com.example.appmagic8.MagicBall
java_class_path (initial): C:\Users\AlumnoT\workspace\AppMagic8\bin\classes;C:\Users\AlumnoT\workspace\AppMagic8\libs\android-support-v4.jar;C:\Users\AlumnoT\workspace\appcompat_v7\libs\android-support-v7-appcompat.jar;C:\Users\AlumnoT\workspace\appcompat_v7\bin\appcompat_v7.jar
Launcher Type: SUN_STANDARD

Environment Variables:
JAVA_HOME=C:\Program Files\Java\jdk1.8.0_25
PATH=C:/Program Files/Java/jre1.8.0_25/bin/client;C:/Program Files/Java/jre1.8.0_25/bin;C:/Program Files/Java/jre1.8.0_25/lib/i386;C:\WINDOWS;C:\WINDOWS\system32;C:\Program Files\Java\jdk1.8.0_25\bin;C:\Users\AlumnoT\Desktop\adt-bundle-windows-x86-20140702\eclipse;
USERNAME=AlumnoT
OS=Windows_NT
PROCESSOR_IDENTIFIER=x86 Family 6 Model 15 Stepping 11, GenuineIntel



---------------  S Y S T E M  ---------------

OS: Windows 7 Build 7601 Service Pack 1

CPU:total 2 (2 cores per cpu, 1 threads per core) family 6 model 15 stepping 11, cmov, cx8, fxsr, mmx, sse, sse2, sse3, ssse3, tsc

Memory: 4k page, physical 3652916k(1845416k free), swap 7304080k(4699136k free)

vm_info: Java HotSpot(TM) Client VM (25.25-b02) for windows-x86 JRE (1.8.0_25-b18), built on Oct  7 2014 14:31:05 by "java_re" with MS VC++ 10.0 (VS2010)

time: Tue Nov 11 19:50:33 2014
elapsed time: 0 seconds (0d 0h 0m 0s)

