#
# A fatal error has been detected by the Java Runtime Environment:
#
#  Internal Error (javaClasses.cpp:126), pid=3764, tid=3444
#  fatal error: Invalid layout of preloaded class
#
# JRE version:  (8.0_20-b26) (build )
# Java VM: Java HotSpot(TM) Client VM (25.20-b23 mixed mode windows-x86 )
# Failed to write core dump. Minidumps are not enabled by default on client versions of Windows
#
# If you would like to submit a bug report, please visit:
#   http://bugreport.sun.com/bugreport/crash.jsp
#

---------------  T H R E A D  ---------------

Current thread (0x0065bc00):  JavaThread "Unknown thread" [_thread_in_vm, id=3444, stack(0x006a0000,0x006f0000)]

Stack: [0x006a0000,0x006f0000],  sp=0x006ef7bc,  free space=317k
Native frames: (J=compiled Java code, j=interpreted, Vv=VM code, C=native code)
V  [jvm.dll+0x196ccb]
V  [jvm.dll+0x18fc56]
V  [jvm.dll+0x3b52a]
V  [jvm.dll+0x3b6e0]
V  [jvm.dll+0x4a2a3]
V  [jvm.dll+0x9d44e]
V  [jvm.dll+0x9d712]
V  [jvm.dll+0x144f11]
V  [jvm.dll+0x168e48]
V  [jvm.dll+0xda6d1]
C  [javaw.exe+0x13e4]
C  [javaw.exe+0x1eb7]
C  [javaw.exe+0xaba1]
C  [javaw.exe+0xac2b]
C  [kernel32.dll+0x4ee1c]
C  [ntdll.dll+0x637eb]
C  [ntdll.dll+0x637be]
C  0x00000000


---------------  P R O C E S S  ---------------

Java Threads: ( => current thread )

Other Threads:

=>0x0065bc00 (exited) JavaThread "Unknown thread" [_thread_in_vm, id=3444, stack(0x006a0000,0x006f0000)]

VM state:not at safepoint (not fully initialized)

VM Mutex/Monitor currently owned by a thread: None

GC Heap History (0 events):
No events

Deoptimization events (0 events):
No events

Internal exceptions (0 events):
No events

Events (10 events):
Event: 0.065 loading class java/lang/CharSequence done
Event: 0.066 loading class java/lang/String done
Event: 0.066 loading class java/lang/Class
Event: 0.066 loading class java/lang/reflect/AnnotatedElement
Event: 0.066 loading class java/lang/reflect/AnnotatedElement done
Event: 0.066 loading class java/lang/reflect/GenericDeclaration
Event: 0.080 loading class java/lang/reflect/GenericDeclaration done
Event: 0.080 loading class java/lang/reflect/Type
Event: 0.080 loading class java/lang/reflect/Type done
Event: 0.080 loading class java/lang/Class done


Dynamic libraries:
0x00960000 - 0x00990000 	C:\Program Files\Java\jre1.8.0_20\bin\javaw.exe
0x77cd0000 - 0x77e0c000 	C:\Windows\SYSTEM32\ntdll.dll
0x76290000 - 0x76364000 	C:\Windows\system32\kernel32.dll
0x75f30000 - 0x75f7b000 	C:\Windows\system32\KERNELBASE.dll
0x763c0000 - 0x76460000 	C:\Windows\system32\ADVAPI32.dll
0x76950000 - 0x769fc000 	C:\Windows\system32\msvcrt.dll
0x76820000 - 0x76839000 	C:\Windows\SYSTEM32\sechost.dll
0x77af0000 - 0x77b92000 	C:\Windows\system32\RPCRT4.dll
0x76490000 - 0x76559000 	C:\Windows\system32\USER32.dll
0x76370000 - 0x763be000 	C:\Windows\system32\GDI32.dll
0x76850000 - 0x7685a000 	C:\Windows\system32\LPK.dll
0x76780000 - 0x7681d000 	C:\Windows\system32\USP10.dll
0x74950000 - 0x74aee000 	C:\Windows\WinSxS\x86_microsoft.windows.common-controls_6595b64144ccf1df_6.0.7601.17514_none_41e6975e2bd6f2b2\COMCTL32.dll
0x76720000 - 0x76777000 	C:\Windows\system32\SHLWAPI.dll
0x76560000 - 0x7657f000 	C:\Windows\system32\IMM32.DLL
0x77e30000 - 0x77efc000 	C:\Windows\system32\MSCTF.dll
0x71080000 - 0x7113f000 	C:\Program Files\Java\jre1.8.0_20\bin\msvcr100.dll
0x6dad0000 - 0x6de72000 	C:\Program Files\Java\jre1.8.0_20\bin\client\jvm.dll
0x6f000000 - 0x6f007000 	C:\Windows\system32\WSOCK32.dll
0x77a60000 - 0x77a95000 	C:\Windows\system32\WS2_32.dll
0x77e20000 - 0x77e26000 	C:\Windows\system32\NSI.dll
0x740a0000 - 0x740d2000 	C:\Windows\system32\WINMM.dll
0x76840000 - 0x76845000 	C:\Windows\system32\PSAPI.DLL
0x6da00000 - 0x6da0c000 	C:\Program Files\Java\jre1.8.0_20\bin\verify.dll
0x6d9d0000 - 0x6d9f1000 	C:\Program Files\Java\jre1.8.0_20\bin\java.dll
0x6c270000 - 0x6c283000 	C:\Program Files\Java\jre1.8.0_20\bin\zip.dll
0x6a380000 - 0x6a46b000 	C:\Windows\system32\dbghelp.dll

VM Arguments:
jvm_args: -Dfile.encoding=Cp1252 -Xbootclasspath:C:\Users\AlumnoT\Desktop\adt-bundle-windows-x86-20140702\adt-bundle-windows-x86-20140702\sdk\platforms\android-20\android.jar 
java_command: com.example.appmagic8.MagicBall
java_class_path (initial): C:\Users\AlumnoT\workspace\AppMagic8\bin\classes;C:\Users\AlumnoT\workspace\AppMagic8\libs\android-support-v4.jar;C:\Users\AlumnoT\workspace\appcompat_v7\libs\android-support-v7-appcompat.jar;C:\Users\AlumnoT\workspace\appcompat_v7\bin\appcompat_v7.jar
Launcher Type: SUN_STANDARD

Environment Variables:
JAVA_HOME=C:\Program Files\Java\jdk1.8.0_20
PATH=C:/Program Files/Java/jre1.8.0_20/bin/client;C:/Program Files/Java/jre1.8.0_20/bin;C:/Program Files/Java/jre1.8.0_20/lib/i386;C:\ProgramData\Oracle\Java\javapath;C:\Windows\system32;C:\Windows;C:\Windows\System32\Wbem;C:\Windows\System32\WindowsPowerShell\v1.0\;C:\Program Files\Java\jdk1.8.0_20\bin;C:\Users\AlumnoT\Desktop\adt-bundle-windows-x86-20140702\adt-bundle-windows-x86-20140702\eclipse;
USERNAME=AlumnoT
OS=Windows_NT
PROCESSOR_IDENTIFIER=x86 Family 15 Model 6 Stepping 5, GenuineIntel



---------------  S Y S T E M  ---------------

OS: Windows 7 Build 7601 Service Pack 1

CPU:total 2 (1 cores per cpu, 2 threads per core) family 15 model 6 stepping 5, cmov, cx8, fxsr, mmx, sse, sse2, sse3, ht, tsc

Memory: 4k page, physical 2088312k(547376k free), swap 4483824k(2034564k free)

vm_info: Java HotSpot(TM) Client VM (25.20-b23) for windows-x86 JRE (1.8.0_20-b26), built on Jul 30 2014 18:14:41 by "java_re" with MS VC++ 10.0 (VS2010)

time: Thu Oct 09 16:18:01 2014
elapsed time: 0 seconds (0d 0h 0m 0s)

